0 verbose cli /usr/local/bin/node /usr/local/bin/npm
1 info using npm@11.6.4
2 info using node@v24.11.0
3 silly config load:file:/usr/local/lib/node_modules/npm/npmrc
4 silly config load:file:/Users/trgysvc/Developer/aRoasterArtisan/.npmrc
5 silly config load:file:/Users/trgysvc/.npmrc
6 silly config load:file:/usr/local/etc/npmrc
7 verbose title npm install express ejs
8 verbose argv "install" "express" "ejs" "--cache" ".npm-cache"
9 verbose logfile logs-max:10 dir:/Users/trgysvc/Developer/aRoasterArtisan/.npm-cache/_logs/2026-04-08T14_14_14_076Z-
10 verbose logfile /Users/trgysvc/Developer/aRoasterArtisan/.npm-cache/_logs/2026-04-08T14_14_14_076Z-debug-0.log
11 silly logfile done cleaning log files
12 silly packumentCache heap:4496293888 maxSize:1124073472 maxEntrySize:562036736
13 silly idealTree buildDeps
14 silly fetch manifest express@*
15 silly packumentCache full:https://registry.npmjs.org/express cache-miss
16 http fetch GET 200 https://registry.npmjs.org/express 371ms (cache miss)
17 silly packumentCache full:https://registry.npmjs.org/express set size:undefined disposed:false
18 silly fetch manifest ejs@*
19 silly packumentCache full:https://registry.npmjs.org/ejs cache-miss
20 http fetch GET 200 https://registry.npmjs.org/npm 414ms
21 http fetch GET 200 https://registry.npmjs.org/ejs 41ms (cache miss)
22 silly packumentCache full:https://registry.npmjs.org/ejs set size:undefined disposed:false
23 silly placeDep ROOT ejs@5.0.1 OK for: aroasterartisan@1.0.0 want: *
24 silly placeDep ROOT express@5.2.1 OK for: aroasterartisan@1.0.0 want: *
25 silly fetch manifest qs@^6.14.0
26 silly packumentCache full:https://registry.npmjs.org/qs cache-miss
27 silly fetch manifest depd@^2.0.0
28 silly packumentCache full:https://registry.npmjs.org/depd cache-miss
29 silly fetch manifest etag@^1.8.1
30 silly packumentCache full:https://registry.npmjs.org/etag cache-miss
31 silly fetch manifest once@^1.4.0
32 silly packumentCache full:https://registry.npmjs.org/once cache-miss
33 silly fetch manifest send@^1.1.0
34 silly packumentCache full:https://registry.npmjs.org/send cache-miss
35 silly fetch manifest vary@^1.1.2
36 silly packumentCache full:https://registry.npmjs.org/vary cache-miss
37 silly fetch manifest debug@^4.4.0
38 silly packumentCache full:https://registry.npmjs.org/debug cache-miss
39 silly fetch manifest fresh@^2.0.0
40 silly packumentCache full:https://registry.npmjs.org/fresh cache-miss
41 silly fetch manifest cookie@^0.7.1
42 silly packumentCache full:https://registry.npmjs.org/cookie cache-miss
43 http fetch GET 200 https://registry.npmjs.org/depd 50ms (cache miss)
44 silly packumentCache full:https://registry.npmjs.org/depd set size:undefined disposed:false
45 silly fetch manifest router@^2.2.0
46 silly packumentCache full:https://registry.npmjs.org/router cache-miss
47 http fetch GET 200 https://registry.npmjs.org/qs 51ms (cache miss)
48 silly packumentCache full:https://registry.npmjs.org/qs set size:undefined disposed:false
49 silly fetch manifest accepts@^2.0.0
50 silly packumentCache full:https://registry.npmjs.org/accepts cache-miss
51 http fetch GET 200 https://registry.npmjs.org/accepts 37ms (cache miss)
52 silly packumentCache full:https://registry.npmjs.org/accepts set size:undefined disposed:false
53 silly fetch manifest type-is@^2.0.1
54 silly packumentCache full:https://registry.npmjs.org/type-is cache-miss
55 http fetch GET 200 https://registry.npmjs.org/router 42ms (cache miss)
56 silly packumentCache full:https://registry.npmjs.org/router set size:undefined disposed:false
57 silly fetch manifest parseurl@^1.3.3
58 silly packumentCache full:https://registry.npmjs.org/parseurl cache-miss
59 http fetch GET 200 https://registry.npmjs.org/send 99ms (cache miss)
60 silly packumentCache full:https://registry.npmjs.org/send set size:undefined disposed:false
61 silly fetch manifest statuses@^2.0.1
62 silly packumentCache full:https://registry.npmjs.org/statuses cache-miss
63 http fetch GET 200 https://registry.npmjs.org/vary 102ms (cache miss)
64 silly packumentCache full:https://registry.npmjs.org/vary set size:undefined disposed:false
65 silly fetch manifest encodeurl@^2.0.0
66 silly packumentCache full:https://registry.npmjs.org/encodeurl cache-miss
67 http fetch GET 200 https://registry.npmjs.org/etag 104ms (cache miss)
68 silly packumentCache full:https://registry.npmjs.org/etag set size:undefined disposed:false
69 silly fetch manifest mime-types@^3.0.0
70 silly packumentCache full:https://registry.npmjs.org/mime-types cache-miss
71 http fetch GET 200 https://registry.npmjs.org/once 105ms (cache miss)
72 silly packumentCache full:https://registry.npmjs.org/once set size:undefined disposed:false
73 silly fetch manifest proxy-addr@^2.0.7
74 silly packumentCache full:https://registry.npmjs.org/proxy-addr cache-miss
75 http fetch GET 200 https://registry.npmjs.org/cookie 105ms (cache miss)
76 silly packumentCache full:https://registry.npmjs.org/cookie set size:undefined disposed:false
77 silly fetch manifest body-parser@^2.2.1
78 silly packumentCache full:https://registry.npmjs.org/body-parser cache-miss
79 http fetch GET 200 https://registry.npmjs.org/fresh 111ms (cache miss)
80 silly packumentCache full:https://registry.npmjs.org/fresh set size:undefined disposed:false
81 silly fetch manifest escape-html@^1.0.3
82 silly packumentCache full:https://registry.npmjs.org/escape-html cache-miss
83 http fetch GET 200 https://registry.npmjs.org/debug 112ms (cache miss)
84 silly packumentCache full:https://registry.npmjs.org/debug set size:undefined disposed:false
85 silly fetch manifest http-errors@^2.0.0
86 silly packumentCache full:https://registry.npmjs.org/http-errors cache-miss
87 http fetch GET 200 https://registry.npmjs.org/type-is 37ms (cache miss)
88 silly packumentCache full:https://registry.npmjs.org/type-is set size:undefined disposed:false
89 silly fetch manifest on-finished@^2.4.1
90 silly packumentCache full:https://registry.npmjs.org/on-finished cache-miss
91 http fetch GET 200 https://registry.npmjs.org/parseurl 35ms (cache miss)
92 silly packumentCache full:https://registry.npmjs.org/parseurl set size:undefined disposed:false
93 silly fetch manifest content-type@^1.0.5
94 silly packumentCache full:https://registry.npmjs.org/content-type cache-miss
95 http fetch GET 200 https://registry.npmjs.org/escape-html 121ms (cache miss)
96 silly packumentCache full:https://registry.npmjs.org/escape-html set size:undefined disposed:false
97 silly fetch manifest finalhandler@^2.1.0
98 silly packumentCache full:https://registry.npmjs.org/finalhandler cache-miss
99 http fetch GET 200 https://registry.npmjs.org/encodeurl 132ms (cache miss)
100 silly packumentCache full:https://registry.npmjs.org/encodeurl set size:undefined disposed:false
101 silly fetch manifest range-parser@^1.2.1
102 silly packumentCache full:https://registry.npmjs.org/range-parser cache-miss
103 http fetch GET 200 https://registry.npmjs.org/proxy-addr 130ms (cache miss)
104 silly packumentCache full:https://registry.npmjs.org/proxy-addr set size:undefined disposed:false
105 silly fetch manifest serve-static@^2.2.0
106 silly packumentCache full:https://registry.npmjs.org/serve-static cache-miss
107 http fetch GET 200 https://registry.npmjs.org/statuses 137ms (cache miss)
108 silly packumentCache full:https://registry.npmjs.org/statuses set size:undefined disposed:false
109 silly fetch manifest cookie-signature@^1.2.1
110 silly packumentCache full:https://registry.npmjs.org/cookie-signature cache-miss
111 http fetch GET 200 https://registry.npmjs.org/mime-types 135ms (cache miss)
112 silly packumentCache full:https://registry.npmjs.org/mime-types set size:undefined disposed:false
113 silly fetch manifest merge-descriptors@^2.0.0
114 silly packumentCache full:https://registry.npmjs.org/merge-descriptors cache-miss
115 http fetch GET 200 https://registry.npmjs.org/http-errors 126ms (cache miss)
116 silly packumentCache full:https://registry.npmjs.org/http-errors set size:undefined disposed:false
117 silly fetch manifest content-disposition@^1.0.0
118 silly packumentCache full:https://registry.npmjs.org/content-disposition cache-miss
119 http fetch GET 200 https://registry.npmjs.org/body-parser 135ms (cache miss)
120 silly packumentCache full:https://registry.npmjs.org/body-parser set size:undefined disposed:false
121 http fetch GET 200 https://registry.npmjs.org/on-finished 117ms (cache miss)
122 silly packumentCache full:https://registry.npmjs.org/on-finished set size:undefined disposed:false
123 http fetch GET 200 https://registry.npmjs.org/content-type 116ms (cache miss)
124 silly packumentCache full:https://registry.npmjs.org/content-type set size:undefined disposed:false
125 http fetch GET 200 https://registry.npmjs.org/range-parser 111ms (cache miss)
126 silly packumentCache full:https://registry.npmjs.org/range-parser set size:undefined disposed:false
127 http fetch GET 200 https://registry.npmjs.org/cookie-signature 115ms (cache miss)
128 silly packumentCache full:https://registry.npmjs.org/cookie-signature set size:undefined disposed:false
129 http fetch GET 200 https://registry.npmjs.org/merge-descriptors 219ms (cache miss)
130 silly packumentCache full:https://registry.npmjs.org/merge-descriptors set size:undefined disposed:false
131 http fetch GET 200 https://registry.npmjs.org/finalhandler 274ms (cache miss)
132 silly packumentCache full:https://registry.npmjs.org/finalhandler set size:undefined disposed:false
133 http fetch GET 200 https://registry.npmjs.org/serve-static 274ms (cache miss)
134 silly packumentCache full:https://registry.npmjs.org/serve-static set size:undefined disposed:false
135 http fetch GET 200 https://registry.npmjs.org/content-disposition 274ms (cache miss)
136 silly packumentCache full:https://registry.npmjs.org/content-disposition set size:undefined disposed:false
137 silly placeDep ROOT accepts@2.0.0 OK for: express@5.2.1 want: ^2.0.0
138 silly placeDep ROOT body-parser@2.2.2 OK for: express@5.2.1 want: ^2.2.1
139 silly placeDep ROOT content-disposition@1.1.0 OK for: express@5.2.1 want: ^1.0.0
140 silly placeDep ROOT content-type@1.0.5 OK for: express@5.2.1 want: ^1.0.5
141 silly placeDep ROOT cookie@0.7.2 OK for: express@5.2.1 want: ^0.7.1
142 silly placeDep ROOT cookie-signature@1.2.2 OK for: express@5.2.1 want: ^1.2.1
143 silly placeDep ROOT debug@4.4.3 OK for: express@5.2.1 want: ^4.4.0
144 silly placeDep ROOT depd@2.0.0 OK for: express@5.2.1 want: ^2.0.0
145 silly placeDep ROOT encodeurl@2.0.0 OK for: express@5.2.1 want: ^2.0.0
146 silly placeDep ROOT escape-html@1.0.3 OK for: express@5.2.1 want: ^1.0.3
147 silly placeDep ROOT etag@1.8.1 OK for: express@5.2.1 want: ^1.8.1
148 silly placeDep ROOT finalhandler@2.1.1 OK for: express@5.2.1 want: ^2.1.0
149 silly placeDep ROOT fresh@2.0.0 OK for: express@5.2.1 want: ^2.0.0
150 silly placeDep ROOT http-errors@2.0.1 OK for: express@5.2.1 want: ^2.0.0
151 silly placeDep ROOT merge-descriptors@2.0.0 OK for: express@5.2.1 want: ^2.0.0
152 silly placeDep ROOT mime-types@3.0.2 OK for: express@5.2.1 want: ^3.0.0
153 silly placeDep ROOT on-finished@2.4.1 OK for: express@5.2.1 want: ^2.4.1
154 silly placeDep ROOT once@1.4.0 OK for: express@5.2.1 want: ^1.4.0
155 silly placeDep ROOT parseurl@1.3.3 OK for: express@5.2.1 want: ^1.3.3
156 silly placeDep ROOT proxy-addr@2.0.7 OK for: express@5.2.1 want: ^2.0.7
157 silly placeDep ROOT qs@6.15.0 OK for: express@5.2.1 want: ^6.14.0
158 silly placeDep ROOT range-parser@1.2.1 OK for: express@5.2.1 want: ^1.2.1
159 silly placeDep ROOT router@2.2.0 OK for: express@5.2.1 want: ^2.2.0
160 silly placeDep ROOT send@1.2.1 OK for: express@5.2.1 want: ^1.1.0
161 silly placeDep ROOT serve-static@2.2.1 OK for: express@5.2.1 want: ^2.2.0
162 silly placeDep ROOT statuses@2.0.2 OK for: express@5.2.1 want: ^2.0.1
163 silly placeDep ROOT type-is@2.0.1 OK for: express@5.2.1 want: ^2.0.1
164 silly placeDep ROOT vary@1.1.2 OK for: express@5.2.1 want: ^1.1.2
165 silly fetch manifest negotiator@^1.0.0
166 silly packumentCache full:https://registry.npmjs.org/negotiator cache-miss
167 silly fetch manifest bytes@^3.1.2
168 silly packumentCache full:https://registry.npmjs.org/bytes cache-miss
169 silly fetch manifest debug@^4.4.3
170 silly packumentCache full:https://registry.npmjs.org/debug cache-miss
171 silly fetch manifest iconv-lite@^0.7.0
172 silly packumentCache full:https://registry.npmjs.org/iconv-lite cache-miss
173 silly fetch manifest qs@^6.14.1
174 silly packumentCache full:https://registry.npmjs.org/qs cache-miss
175 silly fetch manifest raw-body@^3.0.1
176 silly packumentCache full:https://registry.npmjs.org/raw-body cache-miss
177 silly fetch manifest ms@^2.1.3
178 silly packumentCache full:https://registry.npmjs.org/ms cache-miss
179 silly fetch manifest inherits@~2.0.4
180 silly packumentCache full:https://registry.npmjs.org/inherits cache-miss
181 silly fetch manifest setprototypeof@~1.2.0
182 silly packumentCache full:https://registry.npmjs.org/setprototypeof cache-miss
183 http cache https://registry.npmjs.org/qs 5ms (cache hit)
184 silly packumentCache full:https://registry.npmjs.org/qs set size:350258 disposed:false
185 silly fetch manifest statuses@~2.0.2
186 silly packumentCache full:https://registry.npmjs.org/statuses cache-miss
187 http cache https://registry.npmjs.org/debug 8ms (cache hit)
188 silly packumentCache full:https://registry.npmjs.org/debug set size:195840 disposed:false
189 silly fetch manifest toidentifier@~1.0.1
190 silly packumentCache full:https://registry.npmjs.org/toidentifier cache-miss
191 http cache https://registry.npmjs.org/statuses 2ms (cache hit)
192 silly packumentCache full:https://registry.npmjs.org/statuses set size:37117 disposed:false
193 silly fetch manifest mime-db@^1.54.0
194 silly packumentCache full:https://registry.npmjs.org/mime-db cache-miss
195 http fetch GET 200 https://registry.npmjs.org/bytes 97ms (cache miss)
196 silly packumentCache full:https://registry.npmjs.org/bytes set size:undefined disposed:false
197 silly fetch manifest ee-first@1.1.1
198 silly packumentCache full:https://registry.npmjs.org/ee-first cache-miss
199 http fetch GET 200 https://registry.npmjs.org/toidentifier 90ms (cache miss)
200 silly packumentCache full:https://registry.npmjs.org/toidentifier set size:undefined disposed:false
201 silly fetch manifest wrappy@1
202 silly packumentCache full:https://registry.npmjs.org/wrappy cache-miss
203 http fetch GET 200 https://registry.npmjs.org/negotiator 100ms (cache miss)
204 silly packumentCache full:https://registry.npmjs.org/negotiator set size:undefined disposed:false
205 silly fetch manifest forwarded@0.2.0
206 silly packumentCache full:https://registry.npmjs.org/forwarded cache-miss
207 http fetch GET 200 https://registry.npmjs.org/setprototypeof 105ms (cache miss)
208 silly packumentCache full:https://registry.npmjs.org/setprototypeof set size:undefined disposed:false
209 silly fetch manifest ipaddr.js@1.9.1
210 silly packumentCache full:https://registry.npmjs.org/ipaddr.js cache-miss
211 http fetch GET 200 https://registry.npmjs.org/ms 105ms (cache miss)
212 silly packumentCache full:https://registry.npmjs.org/ms set size:undefined disposed:false
213 silly fetch manifest side-channel@^1.1.0
214 silly packumentCache full:https://registry.npmjs.org/side-channel cache-miss
215 http fetch GET 200 https://registry.npmjs.org/mime-db 98ms (cache miss)
216 silly packumentCache full:https://registry.npmjs.org/mime-db set size:undefined disposed:false
217 silly fetch manifest is-promise@^4.0.0
218 silly packumentCache full:https://registry.npmjs.org/is-promise cache-miss
219 http fetch GET 200 https://registry.npmjs.org/inherits 111ms (cache miss)
220 silly packumentCache full:https://registry.npmjs.org/inherits set size:undefined disposed:false
221 silly fetch manifest path-to-regexp@^8.0.0
222 silly packumentCache full:https://registry.npmjs.org/path-to-regexp cache-miss
223 http fetch GET 200 https://registry.npmjs.org/ee-first 32ms (cache miss)
224 silly packumentCache full:https://registry.npmjs.org/ee-first set size:undefined disposed:false
225 silly fetch manifest statuses@^2.0.2
226 silly packumentCache full:https://registry.npmjs.org/statuses cache-hit
227 silly fetch manifest media-typer@^1.1.0
228 silly packumentCache full:https://registry.npmjs.org/media-typer cache-miss
229 http fetch GET 200 https://registry.npmjs.org/iconv-lite 133ms (cache miss)
230 silly packumentCache full:https://registry.npmjs.org/iconv-lite set size:undefined disposed:false
231 http fetch GET 200 https://registry.npmjs.org/wrappy 38ms (cache miss)
232 silly packumentCache full:https://registry.npmjs.org/wrappy set size:undefined disposed:false
233 http fetch GET 200 https://registry.npmjs.org/forwarded 39ms (cache miss)
234 silly packumentCache full:https://registry.npmjs.org/forwarded set size:undefined disposed:false
235 http fetch GET 200 https://registry.npmjs.org/raw-body 141ms (cache miss)
236 silly packumentCache full:https://registry.npmjs.org/raw-body set size:undefined disposed:false
237 http fetch GET 200 https://registry.npmjs.org/side-channel 35ms (cache miss)
238 silly packumentCache full:https://registry.npmjs.org/side-channel set size:undefined disposed:false
239 http fetch GET 200 https://registry.npmjs.org/is-promise 33ms (cache miss)
240 silly packumentCache full:https://registry.npmjs.org/is-promise set size:undefined disposed:false
241 http fetch GET 200 https://registry.npmjs.org/ipaddr.js 37ms (cache miss)
242 silly packumentCache full:https://registry.npmjs.org/ipaddr.js set size:undefined disposed:false
243 http fetch GET 200 https://registry.npmjs.org/path-to-regexp 39ms (cache miss)
244 silly packumentCache full:https://registry.npmjs.org/path-to-regexp set size:undefined disposed:false
245 http fetch GET 200 https://registry.npmjs.org/media-typer 41ms (cache miss)
246 silly packumentCache full:https://registry.npmjs.org/media-typer set size:undefined disposed:false
247 silly placeDep ROOT negotiator@1.0.0 OK for: accepts@2.0.0 want: ^1.0.0
248 silly placeDep ROOT bytes@3.1.2 OK for: body-parser@2.2.2 want: ^3.1.2
249 silly placeDep ROOT iconv-lite@0.7.2 OK for: body-parser@2.2.2 want: ^0.7.0
250 silly placeDep ROOT raw-body@3.0.2 OK for: body-parser@2.2.2 want: ^3.0.1
251 silly fetch manifest safer-buffer@>= 2.1.2 < 3.0.0
252 silly packumentCache full:https://registry.npmjs.org/safer-buffer cache-miss
253 silly fetch manifest unpipe@~1.0.0
254 silly packumentCache full:https://registry.npmjs.org/unpipe cache-miss
255 http fetch GET 200 https://registry.npmjs.org/safer-buffer 35ms (cache miss)
256 silly packumentCache full:https://registry.npmjs.org/safer-buffer set size:undefined disposed:false
257 http fetch GET 200 https://registry.npmjs.org/unpipe 40ms (cache miss)
258 silly packumentCache full:https://registry.npmjs.org/unpipe set size:undefined disposed:false
259 silly placeDep ROOT ms@2.1.3 OK for: debug@4.4.3 want: ^2.1.3
260 silly placeDep ROOT inherits@2.0.4 OK for: http-errors@2.0.1 want: ~2.0.4
261 silly placeDep ROOT setprototypeof@1.2.0 OK for: http-errors@2.0.1 want: ~1.2.0
262 silly placeDep ROOT toidentifier@1.0.1 OK for: http-errors@2.0.1 want: ~1.0.1
263 silly placeDep ROOT safer-buffer@2.1.2 OK for: iconv-lite@0.7.2 want: >= 2.1.2 < 3.0.0
264 silly placeDep ROOT mime-db@1.54.0 OK for: mime-types@3.0.2 want: ^1.54.0
265 silly placeDep ROOT ee-first@1.1.1 OK for: on-finished@2.4.1 want: 1.1.1
266 silly placeDep ROOT wrappy@1.0.2 OK for: once@1.4.0 want: 1
267 silly placeDep ROOT forwarded@0.2.0 OK for: proxy-addr@2.0.7 want: 0.2.0
268 silly placeDep ROOT ipaddr.js@1.9.1 OK for: proxy-addr@2.0.7 want: 1.9.1
269 silly placeDep ROOT side-channel@1.1.0 OK for: qs@6.15.0 want: ^1.1.0
270 silly fetch manifest es-errors@^1.3.0
271 silly packumentCache full:https://registry.npmjs.org/es-errors cache-miss
272 silly fetch manifest object-inspect@^1.13.3
273 silly packumentCache full:https://registry.npmjs.org/object-inspect cache-miss
274 silly fetch manifest side-channel-list@^1.0.0
275 silly packumentCache full:https://registry.npmjs.org/side-channel-list cache-miss
276 silly fetch manifest side-channel-map@^1.0.1
277 silly packumentCache full:https://registry.npmjs.org/side-channel-map cache-miss
278 silly fetch manifest side-channel-weakmap@^1.0.2
279 silly packumentCache full:https://registry.npmjs.org/side-channel-weakmap cache-miss
280 http fetch GET 200 https://registry.npmjs.org/side-channel-list 34ms (cache miss)
281 silly packumentCache full:https://registry.npmjs.org/side-channel-list set size:undefined disposed:false
282 http fetch GET 200 https://registry.npmjs.org/side-channel-map 35ms (cache miss)
283 silly packumentCache full:https://registry.npmjs.org/side-channel-map set size:undefined disposed:false
284 http fetch GET 200 https://registry.npmjs.org/es-errors 40ms (cache miss)
285 silly packumentCache full:https://registry.npmjs.org/es-errors set size:undefined disposed:false
286 http fetch GET 200 https://registry.npmjs.org/object-inspect 40ms (cache miss)
287 silly packumentCache full:https://registry.npmjs.org/object-inspect set size:undefined disposed:false
288 http fetch GET 200 https://registry.npmjs.org/side-channel-weakmap 41ms (cache miss)
289 silly packumentCache full:https://registry.npmjs.org/side-channel-weakmap set size:undefined disposed:false
290 silly placeDep ROOT unpipe@1.0.0 OK for: raw-body@3.0.2 want: ~1.0.0
291 silly placeDep ROOT is-promise@4.0.0 OK for: router@2.2.0 want: ^4.0.0
292 silly placeDep ROOT path-to-regexp@8.4.2 OK for: router@2.2.0 want: ^8.0.0
293 silly placeDep ROOT es-errors@1.3.0 OK for: side-channel@1.1.0 want: ^1.3.0
294 silly placeDep ROOT object-inspect@1.13.4 OK for: side-channel@1.1.0 want: ^1.13.3
295 silly placeDep ROOT side-channel-list@1.0.0 OK for: side-channel@1.1.0 want: ^1.0.0
296 silly placeDep ROOT side-channel-map@1.0.1 OK for: side-channel@1.1.0 want: ^1.0.1
297 silly placeDep ROOT side-channel-weakmap@1.0.2 OK for: side-channel@1.1.0 want: ^1.0.2
298 silly fetch manifest call-bound@^1.0.2
299 silly packumentCache full:https://registry.npmjs.org/call-bound cache-miss
300 silly fetch manifest get-intrinsic@^1.2.5
301 silly packumentCache full:https://registry.npmjs.org/get-intrinsic cache-miss
302 silly fetch manifest call-bound@^1.0.2
303 silly packumentCache full:https://registry.npmjs.org/call-bound cache-miss
304 silly fetch manifest get-intrinsic@^1.2.5
305 silly packumentCache full:https://registry.npmjs.org/get-intrinsic cache-miss
306 http fetch GET 200 https://registry.npmjs.org/call-bound 32ms (cache miss)
307 silly packumentCache full:https://registry.npmjs.org/call-bound set size:undefined disposed:false
308 http fetch GET 200 https://registry.npmjs.org/call-bound 32ms (cache miss)
309 silly packumentCache full:https://registry.npmjs.org/call-bound set size:undefined disposed:false
310 http fetch GET 200 https://registry.npmjs.org/get-intrinsic 32ms (cache miss)
311 silly packumentCache full:https://registry.npmjs.org/get-intrinsic set size:undefined disposed:false
312 http fetch GET 200 https://registry.npmjs.org/get-intrinsic 37ms (cache miss)
313 silly packumentCache full:https://registry.npmjs.org/get-intrinsic set size:undefined disposed:false
314 silly placeDep ROOT call-bound@1.0.4 OK for: side-channel-map@1.0.1 want: ^1.0.2
315 silly placeDep ROOT get-intrinsic@1.3.0 OK for: side-channel-map@1.0.1 want: ^1.2.5
316 silly fetch manifest call-bind-apply-helpers@^1.0.2
317 silly packumentCache full:https://registry.npmjs.org/call-bind-apply-helpers cache-miss
318 silly fetch manifest get-intrinsic@^1.3.0
319 silly packumentCache full:https://registry.npmjs.org/get-intrinsic cache-miss
320 silly fetch manifest gopd@^1.2.0
321 silly packumentCache full:https://registry.npmjs.org/gopd cache-miss
322 silly fetch manifest hasown@^2.0.2
323 silly packumentCache full:https://registry.npmjs.org/hasown cache-miss
324 silly fetch manifest get-proto@^1.0.1
325 silly packumentCache full:https://registry.npmjs.org/get-proto cache-miss
326 silly fetch manifest has-symbols@^1.1.0
327 silly packumentCache full:https://registry.npmjs.org/has-symbols cache-miss
328 silly fetch manifest function-bind@^1.1.2
329 silly packumentCache full:https://registry.npmjs.org/function-bind cache-miss
330 silly fetch manifest es-object-atoms@^1.1.1
331 silly packumentCache full:https://registry.npmjs.org/es-object-atoms cache-miss
332 silly fetch manifest math-intrinsics@^1.1.0
333 silly packumentCache full:https://registry.npmjs.org/math-intrinsics cache-miss
334 http cache https://registry.npmjs.org/get-intrinsic 4ms (cache hit)
335 silly packumentCache full:https://registry.npmjs.org/get-intrinsic set size:60985 disposed:false
336 silly fetch manifest es-define-property@^1.0.1
337 silly packumentCache full:https://registry.npmjs.org/es-define-property cache-miss
338 http fetch GET 200 https://registry.npmjs.org/es-object-atoms 33ms (cache miss)
339 silly packumentCache full:https://registry.npmjs.org/es-object-atoms set size:undefined disposed:false
340 silly fetch manifest call-bind-apply-helpers@^1.0.2
341 silly packumentCache full:https://registry.npmjs.org/call-bind-apply-helpers cache-miss
342 http fetch GET 200 https://registry.npmjs.org/call-bind-apply-helpers 35ms (cache miss)
343 silly packumentCache full:https://registry.npmjs.org/call-bind-apply-helpers set size:undefined disposed:false
344 http cache https://registry.npmjs.org/call-bind-apply-helpers 2ms (cache hit)
345 silly packumentCache full:https://registry.npmjs.org/call-bind-apply-helpers set size:12744 disposed:false
346 http fetch GET 200 https://registry.npmjs.org/gopd 36ms (cache miss)
347 silly packumentCache full:https://registry.npmjs.org/gopd set size:undefined disposed:false
348 http fetch GET 200 https://registry.npmjs.org/hasown 36ms (cache miss)
349 silly packumentCache full:https://registry.npmjs.org/hasown set size:undefined disposed:false
350 http fetch GET 200 https://registry.npmjs.org/get-proto 38ms (cache miss)
351 silly packumentCache full:https://registry.npmjs.org/get-proto set size:undefined disposed:false
352 http fetch GET 200 https://registry.npmjs.org/es-define-property 35ms (cache miss)
353 silly packumentCache full:https://registry.npmjs.org/es-define-property set size:undefined disposed:false
354 http fetch GET 200 https://registry.npmjs.org/has-symbols 41ms (cache miss)
355 silly packumentCache full:https://registry.npmjs.org/has-symbols set size:undefined disposed:false
356 http fetch GET 200 https://registry.npmjs.org/math-intrinsics 47ms (cache miss)
357 silly packumentCache full:https://registry.npmjs.org/math-intrinsics set size:undefined disposed:false
358 http fetch GET 200 https://registry.npmjs.org/function-bind 225ms (cache miss)
359 silly packumentCache full:https://registry.npmjs.org/function-bind set size:undefined disposed:false
360 silly placeDep ROOT call-bind-apply-helpers@1.0.2 OK for: call-bound@1.0.4 want: ^1.0.2
361 silly placeDep ROOT function-bind@1.1.2 OK for: call-bind-apply-helpers@1.0.2 want: ^1.1.2
362 silly placeDep ROOT es-define-property@1.0.1 OK for: get-intrinsic@1.3.0 want: ^1.0.1
363 silly placeDep ROOT es-object-atoms@1.1.1 OK for: get-intrinsic@1.3.0 want: ^1.1.1
364 silly placeDep ROOT get-proto@1.0.1 OK for: get-intrinsic@1.3.0 want: ^1.0.1
365 silly placeDep ROOT gopd@1.2.0 OK for: get-intrinsic@1.3.0 want: ^1.2.0
366 silly placeDep ROOT has-symbols@1.1.0 OK for: get-intrinsic@1.3.0 want: ^1.1.0
367 silly placeDep ROOT hasown@2.0.2 OK for: get-intrinsic@1.3.0 want: ^2.0.2
368 silly placeDep ROOT math-intrinsics@1.1.0 OK for: get-intrinsic@1.3.0 want: ^1.1.0
369 silly fetch manifest dunder-proto@^1.0.1
370 silly packumentCache full:https://registry.npmjs.org/dunder-proto cache-miss
371 http fetch GET 200 https://registry.npmjs.org/dunder-proto 40ms (cache miss)
372 silly packumentCache full:https://registry.npmjs.org/dunder-proto set size:undefined disposed:false
373 silly placeDep ROOT dunder-proto@1.0.1 OK for: get-proto@1.0.1 want: ^1.0.1
374 silly placeDep ROOT media-typer@1.1.0 OK for: type-is@2.0.1 want: ^1.1.0
375 silly reify moves {}
376 silly audit bulk request {
376 silly audit   ejs: [ '5.0.1' ],
376 silly audit   express: [ '5.2.1' ],
376 silly audit   accepts: [ '2.0.0' ],
376 silly audit   'body-parser': [ '2.2.2' ],
376 silly audit   'content-disposition': [ '1.1.0' ],
376 silly audit   'content-type': [ '1.0.5' ],
376 silly audit   cookie: [ '0.7.2' ],
376 silly audit   'cookie-signature': [ '1.2.2' ],
376 silly audit   debug: [ '4.4.3' ],
376 silly audit   depd: [ '2.0.0' ],
376 silly audit   encodeurl: [ '2.0.0' ],
376 silly audit   'escape-html': [ '1.0.3' ],
376 silly audit   etag: [ '1.8.1' ],
376 silly audit   finalhandler: [ '2.1.1' ],
376 silly audit   fresh: [ '2.0.0' ],
376 silly audit   'http-errors': [ '2.0.1' ],
376 silly audit   'merge-descriptors': [ '2.0.0' ],
376 silly audit   'mime-types': [ '3.0.2' ],
376 silly audit   'on-finished': [ '2.4.1' ],
376 silly audit   once: [ '1.4.0' ],
376 silly audit   parseurl: [ '1.3.3' ],
376 silly audit   'proxy-addr': [ '2.0.7' ],
376 silly audit   qs: [ '6.15.0' ],
376 silly audit   'range-parser': [ '1.2.1' ],
376 silly audit   router: [ '2.2.0' ],
376 silly audit   send: [ '1.2.1' ],
376 silly audit   'serve-static': [ '2.2.1' ],
376 silly audit   statuses: [ '2.0.2' ],
376 silly audit   'type-is': [ '2.0.1' ],
376 silly audit   vary: [ '1.1.2' ],
376 silly audit   negotiator: [ '1.0.0' ],
376 silly audit   bytes: [ '3.1.2' ],
376 silly audit   'iconv-lite': [ '0.7.2' ],
376 silly audit   'raw-body': [ '3.0.2' ],
376 silly audit   ms: [ '2.1.3' ],
376 silly audit   inherits: [ '2.0.4' ],
376 silly audit   setprototypeof: [ '1.2.0' ],
376 silly audit   toidentifier: [ '1.0.1' ],
376 silly audit   'safer-buffer': [ '2.1.2' ],
376 silly audit   'mime-db': [ '1.54.0' ],
376 silly audit   'ee-first': [ '1.1.1' ],
376 silly audit   wrappy: [ '1.0.2' ],
376 silly audit   forwarded: [ '0.2.0' ],
376 silly audit   'ipaddr.js': [ '1.9.1' ],
376 silly audit   'side-channel': [ '1.1.0' ],
376 silly audit   unpipe: [ '1.0.0' ],
376 silly audit   'is-promise': [ '4.0.0' ],
376 silly audit   'path-to-regexp': [ '8.4.2' ],
376 silly audit   'es-errors': [ '1.3.0' ],
376 silly audit   'object-inspect': [ '1.13.4' ],
376 silly audit   'side-channel-list': [ '1.0.0' ],
376 silly audit   'side-channel-map': [ '1.0.1' ],
376 silly audit   'side-channel-weakmap': [ '1.0.2' ],
376 silly audit   'call-bound': [ '1.0.4' ],
376 silly audit   'get-intrinsic': [ '1.3.0' ],
376 silly audit   'call-bind-apply-helpers': [ '1.0.2' ],
376 silly audit   'function-bind': [ '1.1.2' ],
376 silly audit   'es-define-property': [ '1.0.1' ],
376 silly audit   'es-object-atoms': [ '1.1.1' ],
376 silly audit   'get-proto': [ '1.0.1' ],
376 silly audit   gopd: [ '1.2.0' ],
376 silly audit   'has-symbols': [ '1.1.0' ],
376 silly audit   hasown: [ '2.0.2' ],
376 silly audit   'math-intrinsics': [ '1.1.0' ],
376 silly audit   'dunder-proto': [ '1.0.1' ],
376 silly audit   'media-typer': [ '1.1.0' ]
376 silly audit }
377 http cache media-typer@https://registry.npmjs.org/media-typer/-/media-typer-1.1.0.tgz 0ms (cache hit)
378 http cache dunder-proto@https://registry.npmjs.org/dunder-proto/-/dunder-proto-1.0.1.tgz 0ms (cache hit)
379 http cache math-intrinsics@https://registry.npmjs.org/math-intrinsics/-/math-intrinsics-1.1.0.tgz 0ms (cache hit)
380 http cache has-symbols@https://registry.npmjs.org/has-symbols/-/has-symbols-1.1.0.tgz 0ms (cache hit)
381 http cache gopd@https://registry.npmjs.org/gopd/-/gopd-1.2.0.tgz 0ms (cache hit)
382 http cache get-proto@https://registry.npmjs.org/get-proto/-/get-proto-1.0.1.tgz 0ms (cache hit)
383 http cache es-object-atoms@https://registry.npmjs.org/es-object-atoms/-/es-object-atoms-1.1.1.tgz 0ms (cache hit)
384 http cache hasown@https://registry.npmjs.org/hasown/-/hasown-2.0.2.tgz 0ms (cache hit)
385 http cache function-bind@https://registry.npmjs.org/function-bind/-/function-bind-1.1.2.tgz 0ms (cache hit)
386 http cache es-define-property@https://registry.npmjs.org/es-define-property/-/es-define-property-1.0.1.tgz 0ms (cache hit)
387 http cache get-intrinsic@https://registry.npmjs.org/get-intrinsic/-/get-intrinsic-1.3.0.tgz 0ms (cache hit)
388 http cache call-bound@https://registry.npmjs.org/call-bound/-/call-bound-1.0.4.tgz 0ms (cache hit)
389 http cache call-bind-apply-helpers@https://registry.npmjs.org/call-bind-apply-helpers/-/call-bind-apply-helpers-1.0.2.tgz 0ms (cache hit)
390 http cache side-channel-weakmap@https://registry.npmjs.org/side-channel-weakmap/-/side-channel-weakmap-1.0.2.tgz 0ms (cache hit)
391 http cache side-channel-map@https://registry.npmjs.org/side-channel-map/-/side-channel-map-1.0.1.tgz 0ms (cache hit)
392 http cache side-channel-list@https://registry.npmjs.org/side-channel-list/-/side-channel-list-1.0.0.tgz 0ms (cache hit)
393 http cache object-inspect@https://registry.npmjs.org/object-inspect/-/object-inspect-1.13.4.tgz 0ms (cache hit)
394 http cache es-errors@https://registry.npmjs.org/es-errors/-/es-errors-1.3.0.tgz 0ms (cache hit)
395 http cache path-to-regexp@https://registry.npmjs.org/path-to-regexp/-/path-to-regexp-8.4.2.tgz 0ms (cache hit)
396 http cache is-promise@https://registry.npmjs.org/is-promise/-/is-promise-4.0.0.tgz 0ms (cache hit)
397 http cache unpipe@https://registry.npmjs.org/unpipe/-/unpipe-1.0.0.tgz 0ms (cache hit)
398 http cache side-channel@https://registry.npmjs.org/side-channel/-/side-channel-1.1.0.tgz 0ms (cache hit)
399 http cache ipaddr.js@https://registry.npmjs.org/ipaddr.js/-/ipaddr.js-1.9.1.tgz 0ms (cache hit)
400 http cache forwarded@https://registry.npmjs.org/forwarded/-/forwarded-0.2.0.tgz 0ms (cache hit)
401 http cache wrappy@https://registry.npmjs.org/wrappy/-/wrappy-1.0.2.tgz 0ms (cache hit)
402 http cache mime-db@https://registry.npmjs.org/mime-db/-/mime-db-1.54.0.tgz 0ms (cache hit)
403 http cache safer-buffer@https://registry.npmjs.org/safer-buffer/-/safer-buffer-2.1.2.tgz 0ms (cache hit)
404 http cache toidentifier@https://registry.npmjs.org/toidentifier/-/toidentifier-1.0.1.tgz 0ms (cache hit)
405 http cache setprototypeof@https://registry.npmjs.org/setprototypeof/-/setprototypeof-1.2.0.tgz 0ms (cache hit)
406 http cache inherits@https://registry.npmjs.org/inherits/-/inherits-2.0.4.tgz 0ms (cache hit)
407 http cache ms@https://registry.npmjs.org/ms/-/ms-2.1.3.tgz 0ms (cache hit)
408 http cache raw-body@https://registry.npmjs.org/raw-body/-/raw-body-3.0.2.tgz 0ms (cache hit)
409 http cache iconv-lite@https://registry.npmjs.org/iconv-lite/-/iconv-lite-0.7.2.tgz 0ms (cache hit)
410 http cache bytes@https://registry.npmjs.org/bytes/-/bytes-3.1.2.tgz 0ms (cache hit)
411 http cache negotiator@https://registry.npmjs.org/negotiator/-/negotiator-1.0.0.tgz 0ms (cache hit)
412 http cache vary@https://registry.npmjs.org/vary/-/vary-1.1.2.tgz 0ms (cache hit)
413 http cache type-is@https://registry.npmjs.org/type-is/-/type-is-2.0.1.tgz 0ms (cache hit)
414 http cache statuses@https://registry.npmjs.org/statuses/-/statuses-2.0.2.tgz 0ms (cache hit)
415 http cache serve-static@https://registry.npmjs.org/serve-static/-/serve-static-2.2.1.tgz 0ms (cache hit)
416 http cache send@https://registry.npmjs.org/send/-/send-1.2.1.tgz 0ms (cache hit)
417 http cache router@https://registry.npmjs.org/router/-/router-2.2.0.tgz 0ms (cache hit)
418 http cache range-parser@https://registry.npmjs.org/range-parser/-/range-parser-1.2.1.tgz 0ms (cache hit)
419 http cache qs@https://registry.npmjs.org/qs/-/qs-6.15.0.tgz 0ms (cache hit)
420 http cache proxy-addr@https://registry.npmjs.org/proxy-addr/-/proxy-addr-2.0.7.tgz 0ms (cache hit)
421 http cache parseurl@https://registry.npmjs.org/parseurl/-/parseurl-1.3.3.tgz 0ms (cache hit)
422 http cache once@https://registry.npmjs.org/once/-/once-1.4.0.tgz 0ms (cache hit)
423 http cache on-finished@https://registry.npmjs.org/on-finished/-/on-finished-2.4.1.tgz 0ms (cache hit)
424 http cache mime-types@https://registry.npmjs.org/mime-types/-/mime-types-3.0.2.tgz 0ms (cache hit)
425 http cache merge-descriptors@https://registry.npmjs.org/merge-descriptors/-/merge-descriptors-2.0.0.tgz 0ms (cache hit)
426 http cache http-errors@https://registry.npmjs.org/http-errors/-/http-errors-2.0.1.tgz 0ms (cache hit)
427 http cache fresh@https://registry.npmjs.org/fresh/-/fresh-2.0.0.tgz 0ms (cache hit)
428 http cache ee-first@https://registry.npmjs.org/ee-first/-/ee-first-1.1.1.tgz 0ms (cache hit)
429 http cache escape-html@https://registry.npmjs.org/escape-html/-/escape-html-1.0.3.tgz 0ms (cache hit)
430 http cache finalhandler@https://registry.npmjs.org/finalhandler/-/finalhandler-2.1.1.tgz 0ms (cache hit)
431 http cache encodeurl@https://registry.npmjs.org/encodeurl/-/encodeurl-2.0.0.tgz 0ms (cache hit)
432 http cache debug@https://registry.npmjs.org/debug/-/debug-4.4.3.tgz 0ms (cache hit)
433 http cache depd@https://registry.npmjs.org/depd/-/depd-2.0.0.tgz 0ms (cache hit)
434 http cache cookie-signature@https://registry.npmjs.org/cookie-signature/-/cookie-signature-1.2.2.tgz 0ms (cache hit)
435 http cache cookie@https://registry.npmjs.org/cookie/-/cookie-0.7.2.tgz 0ms (cache hit)
436 http cache content-type@https://registry.npmjs.org/content-type/-/content-type-1.0.5.tgz 0ms (cache hit)
437 http cache content-disposition@https://registry.npmjs.org/content-disposition/-/content-disposition-1.1.0.tgz 0ms (cache hit)
438 http cache body-parser@https://registry.npmjs.org/body-parser/-/body-parser-2.2.2.tgz 0ms (cache hit)
439 http cache accepts@https://registry.npmjs.org/accepts/-/accepts-2.0.0.tgz 0ms (cache hit)
440 http cache express@https://registry.npmjs.org/express/-/express-5.2.1.tgz 0ms (cache hit)
441 http cache ejs@https://registry.npmjs.org/ejs/-/ejs-5.0.1.tgz 0ms (cache hit)
442 http cache etag@https://registry.npmjs.org/etag/-/etag-1.8.1.tgz 0ms (cache hit)
443 silly tarball no local data for media-typer@https://registry.npmjs.org/media-typer/-/media-typer-1.1.0.tgz. Extracting by manifest.
444 silly tarball no local data for dunder-proto@https://registry.npmjs.org/dunder-proto/-/dunder-proto-1.0.1.tgz. Extracting by manifest.
445 silly tarball no local data for math-intrinsics@https://registry.npmjs.org/math-intrinsics/-/math-intrinsics-1.1.0.tgz. Extracting by manifest.
446 silly tarball no local data for has-symbols@https://registry.npmjs.org/has-symbols/-/has-symbols-1.1.0.tgz. Extracting by manifest.
447 silly tarball no local data for gopd@https://registry.npmjs.org/gopd/-/gopd-1.2.0.tgz. Extracting by manifest.
448 silly tarball no local data for get-proto@https://registry.npmjs.org/get-proto/-/get-proto-1.0.1.tgz. Extracting by manifest.
449 silly tarball no local data for es-object-atoms@https://registry.npmjs.org/es-object-atoms/-/es-object-atoms-1.1.1.tgz. Extracting by manifest.
450 silly tarball no local data for hasown@https://registry.npmjs.org/hasown/-/hasown-2.0.2.tgz. Extracting by manifest.
451 silly tarball no local data for function-bind@https://registry.npmjs.org/function-bind/-/function-bind-1.1.2.tgz. Extracting by manifest.
452 silly tarball no local data for es-define-property@https://registry.npmjs.org/es-define-property/-/es-define-property-1.0.1.tgz. Extracting by manifest.
453 silly tarball no local data for get-intrinsic@https://registry.npmjs.org/get-intrinsic/-/get-intrinsic-1.3.0.tgz. Extracting by manifest.
454 silly tarball no local data for call-bound@https://registry.npmjs.org/call-bound/-/call-bound-1.0.4.tgz. Extracting by manifest.
455 silly tarball no local data for call-bind-apply-helpers@https://registry.npmjs.org/call-bind-apply-helpers/-/call-bind-apply-helpers-1.0.2.tgz. Extracting by manifest.
456 silly tarball no local data for side-channel-weakmap@https://registry.npmjs.org/side-channel-weakmap/-/side-channel-weakmap-1.0.2.tgz. Extracting by manifest.
457 silly tarball no local data for side-channel-map@https://registry.npmjs.org/side-channel-map/-/side-channel-map-1.0.1.tgz. Extracting by manifest.
458 silly tarball no local data for side-channel-list@https://registry.npmjs.org/side-channel-list/-/side-channel-list-1.0.0.tgz. Extracting by manifest.
459 silly tarball no local data for object-inspect@https://registry.npmjs.org/object-inspect/-/object-inspect-1.13.4.tgz. Extracting by manifest.
460 silly tarball no local data for es-errors@https://registry.npmjs.org/es-errors/-/es-errors-1.3.0.tgz. Extracting by manifest.
461 silly tarball no local data for path-to-regexp@https://registry.npmjs.org/path-to-regexp/-/path-to-regexp-8.4.2.tgz. Extracting by manifest.
462 silly tarball no local data for is-promise@https://registry.npmjs.org/is-promise/-/is-promise-4.0.0.tgz. Extracting by manifest.
463 silly tarball no local data for unpipe@https://registry.npmjs.org/unpipe/-/unpipe-1.0.0.tgz. Extracting by manifest.
464 silly tarball no local data for side-channel@https://registry.npmjs.org/side-channel/-/side-channel-1.1.0.tgz. Extracting by manifest.
465 silly tarball no local data for ipaddr.js@https://registry.npmjs.org/ipaddr.js/-/ipaddr.js-1.9.1.tgz. Extracting by manifest.
466 silly tarball no local data for forwarded@https://registry.npmjs.org/forwarded/-/forwarded-0.2.0.tgz. Extracting by manifest.
467 silly tarball no local data for wrappy@https://registry.npmjs.org/wrappy/-/wrappy-1.0.2.tgz. Extracting by manifest.
468 silly tarball no local data for mime-db@https://registry.npmjs.org/mime-db/-/mime-db-1.54.0.tgz. Extracting by manifest.
469 silly tarball no local data for safer-buffer@https://registry.npmjs.org/safer-buffer/-/safer-buffer-2.1.2.tgz. Extracting by manifest.
470 silly tarball no local data for toidentifier@https://registry.npmjs.org/toidentifier/-/toidentifier-1.0.1.tgz. Extracting by manifest.
471 silly tarball no local data for setprototypeof@https://registry.npmjs.org/setprototypeof/-/setprototypeof-1.2.0.tgz. Extracting by manifest.
472 silly tarball no local data for inherits@https://registry.npmjs.org/inherits/-/inherits-2.0.4.tgz. Extracting by manifest.
473 silly tarball no local data for ms@https://registry.npmjs.org/ms/-/ms-2.1.3.tgz. Extracting by manifest.
474 silly tarball no local data for raw-body@https://registry.npmjs.org/raw-body/-/raw-body-3.0.2.tgz. Extracting by manifest.
475 silly tarball no local data for iconv-lite@https://registry.npmjs.org/iconv-lite/-/iconv-lite-0.7.2.tgz. Extracting by manifest.
476 silly tarball no local data for bytes@https://registry.npmjs.org/bytes/-/bytes-3.1.2.tgz. Extracting by manifest.
477 silly tarball no local data for negotiator@https://registry.npmjs.org/negotiator/-/negotiator-1.0.0.tgz. Extracting by manifest.
478 silly tarball no local data for vary@https://registry.npmjs.org/vary/-/vary-1.1.2.tgz. Extracting by manifest.
479 silly tarball no local data for type-is@https://registry.npmjs.org/type-is/-/type-is-2.0.1.tgz. Extracting by manifest.
480 silly tarball no local data for statuses@https://registry.npmjs.org/statuses/-/statuses-2.0.2.tgz. Extracting by manifest.
481 silly tarball no local data for serve-static@https://registry.npmjs.org/serve-static/-/serve-static-2.2.1.tgz. Extracting by manifest.
482 silly tarball no local data for send@https://registry.npmjs.org/send/-/send-1.2.1.tgz. Extracting by manifest.
483 silly tarball no local data for router@https://registry.npmjs.org/router/-/router-2.2.0.tgz. Extracting by manifest.
484 silly tarball no local data for range-parser@https://registry.npmjs.org/range-parser/-/range-parser-1.2.1.tgz. Extracting by manifest.
485 silly tarball no local data for qs@https://registry.npmjs.org/qs/-/qs-6.15.0.tgz. Extracting by manifest.
486 silly tarball no local data for proxy-addr@https://registry.npmjs.org/proxy-addr/-/proxy-addr-2.0.7.tgz. Extracting by manifest.
487 silly tarball no local data for parseurl@https://registry.npmjs.org/parseurl/-/parseurl-1.3.3.tgz. Extracting by manifest.
488 silly tarball no local data for once@https://registry.npmjs.org/once/-/once-1.4.0.tgz. Extracting by manifest.
489 silly tarball no local data for on-finished@https://registry.npmjs.org/on-finished/-/on-finished-2.4.1.tgz. Extracting by manifest.
490 silly tarball no local data for mime-types@https://registry.npmjs.org/mime-types/-/mime-types-3.0.2.tgz. Extracting by manifest.
491 silly tarball no local data for merge-descriptors@https://registry.npmjs.org/merge-descriptors/-/merge-descriptors-2.0.0.tgz. Extracting by manifest.
492 silly tarball no local data for http-errors@https://registry.npmjs.org/http-errors/-/http-errors-2.0.1.tgz. Extracting by manifest.
493 silly tarball no local data for fresh@https://registry.npmjs.org/fresh/-/fresh-2.0.0.tgz. Extracting by manifest.
494 silly tarball no local data for ee-first@https://registry.npmjs.org/ee-first/-/ee-first-1.1.1.tgz. Extracting by manifest.
495 silly tarball no local data for escape-html@https://registry.npmjs.org/escape-html/-/escape-html-1.0.3.tgz. Extracting by manifest.
496 silly tarball no local data for finalhandler@https://registry.npmjs.org/finalhandler/-/finalhandler-2.1.1.tgz. Extracting by manifest.
497 silly tarball no local data for encodeurl@https://registry.npmjs.org/encodeurl/-/encodeurl-2.0.0.tgz. Extracting by manifest.
498 silly tarball no local data for debug@https://registry.npmjs.org/debug/-/debug-4.4.3.tgz. Extracting by manifest.
499 silly tarball no local data for depd@https://registry.npmjs.org/depd/-/depd-2.0.0.tgz. Extracting by manifest.
500 silly tarball no local data for cookie-signature@https://registry.npmjs.org/cookie-signature/-/cookie-signature-1.2.2.tgz. Extracting by manifest.
501 silly tarball no local data for cookie@https://registry.npmjs.org/cookie/-/cookie-0.7.2.tgz. Extracting by manifest.
502 silly tarball no local data for content-type@https://registry.npmjs.org/content-type/-/content-type-1.0.5.tgz. Extracting by manifest.
503 silly tarball no local data for content-disposition@https://registry.npmjs.org/content-disposition/-/content-disposition-1.1.0.tgz. Extracting by manifest.
504 silly tarball no local data for body-parser@https://registry.npmjs.org/body-parser/-/body-parser-2.2.2.tgz. Extracting by manifest.
505 silly tarball no local data for accepts@https://registry.npmjs.org/accepts/-/accepts-2.0.0.tgz. Extracting by manifest.
506 silly tarball no local data for express@https://registry.npmjs.org/express/-/express-5.2.1.tgz. Extracting by manifest.
507 silly tarball no local data for ejs@https://registry.npmjs.org/ejs/-/ejs-5.0.1.tgz. Extracting by manifest.
508 silly tarball no local data for etag@https://registry.npmjs.org/etag/-/etag-1.8.1.tgz. Extracting by manifest.
509 http fetch GET 200 https://registry.npmjs.org/es-object-atoms/-/es-object-atoms-1.1.1.tgz 57ms (cache miss)
510 http fetch GET 200 https://registry.npmjs.org/get-proto/-/get-proto-1.0.1.tgz 57ms (cache miss)
511 http fetch GET 200 https://registry.npmjs.org/hasown/-/hasown-2.0.2.tgz 58ms (cache miss)
512 http fetch GET 200 https://registry.npmjs.org/media-typer/-/media-typer-1.1.0.tgz 59ms (cache miss)
513 http fetch GET 200 https://registry.npmjs.org/gopd/-/gopd-1.2.0.tgz 58ms (cache miss)
514 http fetch GET 200 https://registry.npmjs.org/dunder-proto/-/dunder-proto-1.0.1.tgz 59ms (cache miss)
515 http fetch GET 200 https://registry.npmjs.org/has-symbols/-/has-symbols-1.1.0.tgz 59ms (cache miss)
516 http fetch GET 200 https://registry.npmjs.org/math-intrinsics/-/math-intrinsics-1.1.0.tgz 60ms (cache miss)
517 http fetch GET 200 https://registry.npmjs.org/side-channel-list/-/side-channel-list-1.0.0.tgz 77ms (cache miss)
518 http fetch GET 200 https://registry.npmjs.org/object-inspect/-/object-inspect-1.13.4.tgz 88ms (cache miss)
519 http fetch GET 200 https://registry.npmjs.org/is-promise/-/is-promise-4.0.0.tgz 88ms (cache miss)
520 http fetch GET 200 https://registry.npmjs.org/side-channel/-/side-channel-1.1.0.tgz 88ms (cache miss)
521 http fetch GET 200 https://registry.npmjs.org/unpipe/-/unpipe-1.0.0.tgz 88ms (cache miss)
522 http fetch GET 200 https://registry.npmjs.org/side-channel-map/-/side-channel-map-1.0.1.tgz 89ms (cache miss)
523 http fetch GET 200 https://registry.npmjs.org/path-to-regexp/-/path-to-regexp-8.4.2.tgz 88ms (cache miss)
524 http fetch GET 200 https://registry.npmjs.org/es-errors/-/es-errors-1.3.0.tgz 89ms (cache miss)
525 http fetch GET 200 https://registry.npmjs.org/call-bound/-/call-bound-1.0.4.tgz 101ms (cache miss)
526 http fetch GET 200 https://registry.npmjs.org/side-channel-weakmap/-/side-channel-weakmap-1.0.2.tgz 102ms (cache miss)
527 http fetch GET 200 https://registry.npmjs.org/call-bind-apply-helpers/-/call-bind-apply-helpers-1.0.2.tgz 104ms (cache miss)
528 http fetch GET 200 https://registry.npmjs.org/function-bind/-/function-bind-1.1.2.tgz 106ms (cache miss)
529 http fetch GET 200 https://registry.npmjs.org/es-define-property/-/es-define-property-1.0.1.tgz 106ms (cache miss)
530 http fetch GET 200 https://registry.npmjs.org/ipaddr.js/-/ipaddr.js-1.9.1.tgz 108ms (cache miss)
531 http fetch GET 200 https://registry.npmjs.org/forwarded/-/forwarded-0.2.0.tgz 108ms (cache miss)
532 http fetch GET 200 https://registry.npmjs.org/get-intrinsic/-/get-intrinsic-1.3.0.tgz 110ms (cache miss)
533 http fetch GET 200 https://registry.npmjs.org/safer-buffer/-/safer-buffer-2.1.2.tgz 110ms (cache miss)
534 http fetch GET 200 https://registry.npmjs.org/toidentifier/-/toidentifier-1.0.1.tgz 109ms (cache miss)
535 http fetch GET 200 https://registry.npmjs.org/mime-db/-/mime-db-1.54.0.tgz 118ms (cache miss)
536 http fetch GET 200 https://registry.npmjs.org/inherits/-/inherits-2.0.4.tgz 117ms (cache miss)
537 http fetch GET 200 https://registry.npmjs.org/setprototypeof/-/setprototypeof-1.2.0.tgz 117ms (cache miss)
538 http fetch GET 200 https://registry.npmjs.org/wrappy/-/wrappy-1.0.2.tgz 125ms (cache miss)
539 http fetch GET 200 https://registry.npmjs.org/raw-body/-/raw-body-3.0.2.tgz 128ms (cache miss)
540 http fetch GET 200 https://registry.npmjs.org/ms/-/ms-2.1.3.tgz 130ms (cache miss)
541 http fetch GET 200 https://registry.npmjs.org/negotiator/-/negotiator-1.0.0.tgz 133ms (cache miss)
542 http fetch GET 200 https://registry.npmjs.org/bytes/-/bytes-3.1.2.tgz 135ms (cache miss)
543 http fetch GET 200 https://registry.npmjs.org/vary/-/vary-1.1.2.tgz 139ms (cache miss)
544 http fetch GET 200 https://registry.npmjs.org/serve-static/-/serve-static-2.2.1.tgz 140ms (cache miss)
545 http fetch GET 200 https://registry.npmjs.org/statuses/-/statuses-2.0.2.tgz 144ms (cache miss)
546 http fetch GET 200 https://registry.npmjs.org/send/-/send-1.2.1.tgz 145ms (cache miss)
547 http fetch GET 200 https://registry.npmjs.org/type-is/-/type-is-2.0.1.tgz 145ms (cache miss)
548 http fetch GET 200 https://registry.npmjs.org/range-parser/-/range-parser-1.2.1.tgz 150ms (cache miss)
549 http fetch GET 200 https://registry.npmjs.org/once/-/once-1.4.0.tgz 168ms (cache miss)
550 http fetch GET 200 https://registry.npmjs.org/parseurl/-/parseurl-1.3.3.tgz 169ms (cache miss)
551 http fetch GET 200 https://registry.npmjs.org/on-finished/-/on-finished-2.4.1.tgz 168ms (cache miss)
552 http fetch GET 200 https://registry.npmjs.org/merge-descriptors/-/merge-descriptors-2.0.0.tgz 168ms (cache miss)
553 http fetch GET 200 https://registry.npmjs.org/mime-types/-/mime-types-3.0.2.tgz 172ms (cache miss)
554 http fetch GET 200 https://registry.npmjs.org/fresh/-/fresh-2.0.0.tgz 173ms (cache miss)
555 http fetch GET 200 https://registry.npmjs.org/ee-first/-/ee-first-1.1.1.tgz 175ms (cache miss)
556 http fetch GET 200 https://registry.npmjs.org/http-errors/-/http-errors-2.0.1.tgz 175ms (cache miss)
557 http fetch GET 200 https://registry.npmjs.org/iconv-lite/-/iconv-lite-0.7.2.tgz 182ms (cache miss)
558 http fetch GET 200 https://registry.npmjs.org/escape-html/-/escape-html-1.0.3.tgz 182ms (cache miss)
559 http fetch GET 200 https://registry.npmjs.org/finalhandler/-/finalhandler-2.1.1.tgz 186ms (cache miss)
560 http fetch GET 200 https://registry.npmjs.org/encodeurl/-/encodeurl-2.0.0.tgz 200ms (cache miss)
561 http fetch GET 200 https://registry.npmjs.org/router/-/router-2.2.0.tgz 202ms (cache miss)
562 http fetch GET 200 https://registry.npmjs.org/debug/-/debug-4.4.3.tgz 200ms (cache miss)
563 http fetch GET 200 https://registry.npmjs.org/cookie-signature/-/cookie-signature-1.2.2.tgz 202ms (cache miss)
564 http fetch GET 200 https://registry.npmjs.org/depd/-/depd-2.0.0.tgz 204ms (cache miss)
565 http fetch GET 200 https://registry.npmjs.org/content-type/-/content-type-1.0.5.tgz 204ms (cache miss)
566 http fetch GET 200 https://registry.npmjs.org/cookie/-/cookie-0.7.2.tgz 204ms (cache miss)
567 http fetch POST 200 https://registry.npmjs.org/-/npm/v1/security/advisories/bulk 226ms
568 silly audit report {}
569 http fetch GET 200 https://registry.npmjs.org/body-parser/-/body-parser-2.2.2.tgz 210ms (cache miss)
570 http fetch GET 200 https://registry.npmjs.org/content-disposition/-/content-disposition-1.1.0.tgz 211ms (cache miss)
571 http fetch GET 200 https://registry.npmjs.org/accepts/-/accepts-2.0.0.tgz 217ms (cache miss)
572 http fetch GET 200 https://registry.npmjs.org/express/-/express-5.2.1.tgz 220ms (cache miss)
573 http fetch GET 200 https://registry.npmjs.org/ejs/-/ejs-5.0.1.tgz 225ms (cache miss)
574 http fetch GET 200 https://registry.npmjs.org/etag/-/etag-1.8.1.tgz 236ms (cache miss)
575 http fetch GET 200 https://registry.npmjs.org/qs/-/qs-6.15.0.tgz 240ms (cache miss)
576 http fetch GET 200 https://registry.npmjs.org/proxy-addr/-/proxy-addr-2.0.7.tgz 469ms (cache miss)
577 silly ADD node_modules/media-typer
578 silly ADD node_modules/dunder-proto
579 silly ADD node_modules/math-intrinsics
580 silly ADD node_modules/hasown
581 silly ADD node_modules/has-symbols
582 silly ADD node_modules/gopd
583 silly ADD node_modules/get-proto
584 silly ADD node_modules/es-object-atoms
585 silly ADD node_modules/es-define-property
586 silly ADD node_modules/function-bind
587 silly ADD node_modules/call-bind-apply-helpers
588 silly ADD node_modules/get-intrinsic
589 silly ADD node_modules/call-bound
590 silly ADD node_modules/side-channel-weakmap
591 silly ADD node_modules/side-channel-map
592 silly ADD node_modules/side-channel-list
593 silly ADD node_modules/object-inspect
594 silly ADD node_modules/es-errors
595 silly ADD node_modules/path-to-regexp
596 silly ADD node_modules/is-promise
597 silly ADD node_modules/unpipe
598 silly ADD node_modules/side-channel
599 silly ADD node_modules/ipaddr.js
600 silly ADD node_modules/forwarded
601 silly ADD node_modules/wrappy
602 silly ADD node_modules/ee-first
603 silly ADD node_modules/mime-db
604 silly ADD node_modules/safer-buffer
605 silly ADD node_modules/toidentifier
606 silly ADD node_modules/setprototypeof
607 silly ADD node_modules/inherits
608 silly ADD node_modules/ms
609 silly ADD node_modules/raw-body
610 silly ADD node_modules/iconv-lite
611 silly ADD node_modules/bytes
612 silly ADD node_modules/negotiator
613 silly ADD node_modules/vary
614 silly ADD node_modules/type-is
615 silly ADD node_modules/statuses
616 silly ADD node_modules/serve-static
617 silly ADD node_modules/send
618 silly ADD node_modules/router
619 silly ADD node_modules/range-parser
620 silly ADD node_modules/qs
621 silly ADD node_modules/proxy-addr
622 silly ADD node_modules/parseurl
623 silly ADD node_modules/once
624 silly ADD node_modules/on-finished
625 silly ADD node_modules/mime-types
626 silly ADD node_modules/merge-descriptors
627 silly ADD node_modules/http-errors
628 silly ADD node_modules/fresh
629 silly ADD node_modules/finalhandler
630 silly ADD node_modules/etag
631 silly ADD node_modules/escape-html
632 silly ADD node_modules/encodeurl
633 silly ADD node_modules/depd
634 silly ADD node_modules/debug
635 silly ADD node_modules/cookie-signature
636 silly ADD node_modules/cookie
637 silly ADD node_modules/content-type
638 silly ADD node_modules/content-disposition
639 silly ADD node_modules/body-parser
640 silly ADD node_modules/accepts
641 silly ADD node_modules/express
642 silly ADD node_modules/ejs
643 verbose cwd /Users/trgysvc/Developer/aRoasterArtisan
644 verbose os Darwin 25.4.0
645 verbose node v24.11.0
646 verbose npm  v11.6.4
647 notice
647 notice New [33mminor[39m version of npm available! [33m11.6.4[39m -> [34m11.12.1[39m
647 notice Changelog: [34mhttps://github.com/npm/cli/releases/tag/v11.12.1[39m
647 notice To update run: [4mnpm install -g npm@11.12.1[24m
647 notice  { force: true, Symbol(proc-log.meta): true }
648 verbose exit 0
649 info ok
